<?xml version="1.0" encoding="UTF-8"?>
<testsuite xmlns:xsi="http://www.w3.org/2001/XMLSchema-instance" xsi:schemaLocation="https://maven.apache.org/surefire/maven-surefire-plugin/xsd/surefire-test-report.xsd" name="TestSuite" time="256.11" tests="9" errors="0" skipped="3" failures="6">
  <properties>
    <property name="idea.version" value="2023.3.2"/>
    <property name="java.runtime.name" value="Java(TM) SE Runtime Environment"/>
    <property name="java.vm.version" value="21+35-LTS-2513"/>
    <property name="sun.boot.library.path" value="/Library/Java/JavaVirtualMachines/jdk-21.jdk/Contents/Home/lib"/>
    <property name="maven.multiModuleProjectDirectory" value="/Users/manoj/Downloads/FD/upload-media-1080820"/>
    <property name="java.vm.vendor" value="Oracle Corporation"/>
    <property name="java.vendor.url" value="https://java.oracle.com/"/>
    <property name="guice.disable.misplaced.annotation.check" value="true"/>
    <property name="path.separator" value=":"/>
    <property name="java.vm.name" value="Java HotSpot(TM) 64-Bit Server VM"/>
    <property name="user.country" value="IN"/>
    <property name="sun.java.launcher" value="SUN_STANDARD"/>
    <property name="java.vm.specification.name" value="Java Virtual Machine Specification"/>
    <property name="user.dir" value="/Users/manoj/Downloads/FD/upload-media-1080820"/>
    <property name="java.vm.compressedOopsMode" value="Zero based"/>
    <property name="java.runtime.version" value="21+35-LTS-2513"/>
    <property name="os.arch" value="aarch64"/>
    <property name="java.io.tmpdir" value="/var/folders/lv/p8d2w1xx2bb_3bm7q7n3h_ph0000gq/T/"/>
    <property name="line.separator" value="&#10;"/>
    <property name="java.vm.specification.vendor" value="Oracle Corporation"/>
    <property name="stderr.encoding" value="UTF-8"/>
    <property name="os.name" value="Mac OS X"/>
    <property name="maven.ext.class.path" value="/Users/manoj/Applications/IntelliJ IDEA Community Edition.app/Contents/plugins/maven/lib/maven-event-listener.jar"/>
    <property name="classworlds.conf" value="/Users/manoj/Applications/IntelliJ IDEA Community Edition.app/Contents/plugins/maven/lib/maven3/bin/m2.conf"/>
    <property name="sun.jnu.encoding" value="UTF-8"/>
    <property name="stdout.encoding" value="UTF-8"/>
    <property name="java.library.path" value="/Users/manoj/Library/Java/Extensions:/Library/Java/Extensions:/Network/Library/Java/Extensions:/System/Library/Java/Extensions:/usr/lib/java:."/>
    <property name="jansi.passthrough" value="true"/>
    <property name="maven.conf" value="/Users/manoj/Applications/IntelliJ IDEA Community Edition.app/Contents/plugins/maven/lib/maven3/conf"/>
    <property name="jdk.debug" value="release"/>
    <property name="java.class.version" value="65.0"/>
    <property name="java.specification.name" value="Java Platform API Specification"/>
    <property name="sun.management.compiler" value="HotSpot 64-Bit Tiered Compilers"/>
    <property name="os.version" value="14.2.1"/>
    <property name="user.home" value="/Users/manoj"/>
    <property name="user.timezone" value="Asia/Kolkata"/>
    <property name="file.encoding" value="UTF-8"/>
    <property name="java.specification.version" value="21"/>
    <property name="user.name" value="manoj"/>
    <property name="java.class.path" value="/Users/manoj/Applications/IntelliJ IDEA Community Edition.app/Contents/plugins/maven/lib/maven3/boot/plexus-classworlds.license:/Users/manoj/Applications/IntelliJ IDEA Community Edition.app/Contents/plugins/maven/lib/maven3/boot/plexus-classworlds-2.7.0.jar"/>
    <property name="java.vm.specification.version" value="21"/>
    <property name="sun.arch.data.model" value="64"/>
    <property name="sun.java.command" value="org.codehaus.classworlds.Launcher -Didea.version=2023.3.2 test -P sample-test"/>
    <property name="java.home" value="/Library/Java/JavaVirtualMachines/jdk-21.jdk/Contents/Home"/>
    <property name="apple.awt.application.name" value="Launcher"/>
    <property name="user.language" value="en"/>
    <property name="java.specification.vendor" value="Oracle Corporation"/>
    <property name="java.vm.info" value="mixed mode, sharing"/>
    <property name="java.version" value="21"/>
    <property name="native.encoding" value="US-ASCII"/>
    <property name="java.vendor" value="Oracle Corporation"/>
    <property name="sun.stderr.encoding" value="UTF-8"/>
    <property name="maven.home" value="/Users/manoj/Applications/IntelliJ IDEA Community Edition.app/Contents/plugins/maven/lib/maven3"/>
    <property name="file.separator" value="/"/>
    <property name="java.version.date" value="2023-09-19"/>
    <property name="java.vendor.url.bug" value="https://bugreport.java.com/bugreport/"/>
    <property name="sun.io.unicode.encoding" value="UnicodeBig"/>
    <property name="sun.cpu.endian" value="little"/>
    <property name="sun.stdout.encoding" value="UTF-8"/>
  </properties>
  <testcase name="setUp" classname="com.browserstack.BStackDemoTest" time="200.501">
    <failure message="Could not start a new session. Possible causes are invalid address of the remote server or browser start-up failure." type="org.openqa.selenium.SessionNotCreatedException">org.openqa.selenium.SessionNotCreatedException: Could not start a new session. Possible causes are invalid address of the remote server or browser start-up failure.
Caused by: org.openqa.selenium.WebDriverException: 
Could not start Mobile Browser. (WARNING: The server did not provide any stacktrace information)
Command duration or timeout: 200.07 seconds
Build info: version: '4.1.4', revision: '535d840ee2'
System info: host: 'ManojKumar-FVFH71A4Q05N', ip: 'fe80:0:0:0:1457:9060:622:2edd%en0', os.name: 'Mac OS X', os.arch: 'aarch64', os.version: '14.2.1', java.version: '21'
Driver info: driver.version: ChromeDriver
</failure>
  </testcase>
  <testcase name="setUp" classname="com.browserstack.BStackDemoTest" time="12.947">
    <failure message="Could not start a new session. Possible causes are invalid address of the remote server or browser start-up failure." type="org.openqa.selenium.SessionNotCreatedException">org.openqa.selenium.SessionNotCreatedException: Could not start a new session. Possible causes are invalid address of the remote server or browser start-up failure.
Caused by: org.openqa.selenium.WebDriverException: 
Could not start Mobile Browser. (WARNING: The server did not provide any stacktrace information)
Command duration or timeout: 213.07 seconds
Build info: version: '4.1.4', revision: '535d840ee2'
System info: host: 'ManojKumar-FVFH71A4Q05N', ip: 'fe80:0:0:0:1457:9060:622:2edd%en0', os.name: 'Mac OS X', os.arch: 'aarch64', os.version: '14.2.1', java.version: '21'
Driver info: driver.version: ChromeDriver
</failure>
  </testcase>
  <testcase name="setUp" classname="com.browserstack.BStackDemoTest" time="41.058">
    <failure message="Could not start a new session. Possible causes are invalid address of the remote server or browser start-up failure." type="org.openqa.selenium.SessionNotCreatedException">org.openqa.selenium.SessionNotCreatedException: Could not start a new session. Possible causes are invalid address of the remote server or browser start-up failure.
Caused by: org.openqa.selenium.WebDriverException: 
Could not start Mobile Browser. (WARNING: The server did not provide any stacktrace information)
Command duration or timeout: 254.13 seconds
Build info: version: '4.1.4', revision: '535d840ee2'
System info: host: 'ManojKumar-FVFH71A4Q05N', ip: 'fe80:0:0:0:1457:9060:622:2edd%en0', os.name: 'Mac OS X', os.arch: 'aarch64', os.version: '14.2.1', java.version: '21'
Driver info: driver.version: ChromeDriver
</failure>
  </testcase>
  <testcase name="addProductToCart" classname="com.browserstack.BStackDemoTest" time="0">
    <skipped message="Could not start a new session. Possible causes are invalid address of the remote server or browser start-up failure."/>
  </testcase>
  <testcase name="addProductToCart" classname="com.browserstack.BStackDemoTest" time="0">
    <skipped message="Could not start a new session. Possible causes are invalid address of the remote server or browser start-up failure."/>
  </testcase>
  <testcase name="addProductToCart" classname="com.browserstack.BStackDemoTest" time="0">
    <skipped message="Could not start a new session. Possible causes are invalid address of the remote server or browser start-up failure."/>
  </testcase>
  <testcase name="tearDown" classname="com.browserstack.BStackDemoTest" time="1.617">
    <failure message="Cannot invoke &quot;org.openqa.selenium.WebDriver.quit()&quot; because &quot;this.driver&quot; is null" type="java.lang.NullPointerException">java.lang.NullPointerException: Cannot invoke "org.openqa.selenium.WebDriver.quit()" because "this.driver" is null
</failure>
  </testcase>
  <testcase name="tearDown" classname="com.browserstack.BStackDemoTest" time="1.643">
    <failure message="Cannot invoke &quot;org.openqa.selenium.WebDriver.quit()&quot; because &quot;this.driver&quot; is null" type="java.lang.NullPointerException">java.lang.NullPointerException: Cannot invoke "org.openqa.selenium.WebDriver.quit()" because "this.driver" is null
</failure>
  </testcase>
  <testcase name="tearDown" classname="com.browserstack.BStackDemoTest" time="1.516">
    <failure message="Cannot invoke &quot;org.openqa.selenium.WebDriver.quit()&quot; because &quot;this.driver&quot; is null" type="java.lang.NullPointerException">java.lang.NullPointerException: Cannot invoke "org.openqa.selenium.WebDriver.quit()" because "this.driver" is null
</failure>
  </testcase>
</testsuite>